2026-03-27 09:14:42.423: [INFO][Sync] Reset engine, reason: 8
2026-03-27 09:14:42.423: [INFO][Sync] Stopped: Bookmarks
2026-03-27 09:14:42.423: [INFO][Sync] Stopped: Preferences
2026-03-27 09:14:42.424: [INFO][Sync] Stopped: Passwords
2026-03-27 09:14:42.424: [INFO][Sync] Stopped: Autofill Profiles
2026-03-27 09:14:42.424: [INFO][Sync] Stopped: Autofill
2026-03-27 09:14:42.424: [INFO][Sync] Stopped: Extensions
2026-03-27 09:14:42.424: [INFO][Sync] Stopped: Sessions
2026-03-27 09:14:42.425: [INFO][Sync] Stopped: Extension settings
2026-03-27 09:14:42.425: [INFO][Sync] Stopped: History Delete Directives
2026-03-27 09:14:42.425: [INFO][Sync] Stopped: Device Info
2026-03-27 09:14:42.425: [INFO][Sync] Stopped: User Consents
2026-03-27 09:14:42.425: [INFO][Sync] Stopped: Send Tab To Self
2026-03-27 09:14:42.425: [INFO][Sync] Stopped: Web Apps
2026-03-27 09:14:42.425: [INFO][Sync] Stopped: History
2026-03-27 09:14:42.425: [INFO][Sync] Stopped: Saved Tab Group
2026-03-27 09:14:42.425: [INFO][Sync] Stopped: WebAuthn Credentials
2026-03-27 09:14:42.425: [INFO][Sync] Stopped: Collection
2026-03-27 09:14:42.425: [INFO][Sync] Stopped: Edge E Drop
2026-03-27 09:14:42.425: [INFO][Sync] Stopped: Edge Hub App Usage
2026-03-27 09:14:42.425: [INFO][Sync] Stopped: Edge Wallet
2026-03-27 09:14:42.425: [INFO][Sync] Stopped: Edge Workspace
2026-03-27 09:14:42.425: [INFO][Sync] SyncState after authenticated was: NotSignedIn
2026-03-27 09:14:42.782: [INFO][Sync] Reset engine, reason: 8
2026-03-27 09:14:42.782: [INFO][Sync] Stopped: Bookmarks
2026-03-27 09:14:42.782: [INFO][Sync] Stopped: Preferences
2026-03-27 09:14:42.782: [INFO][Sync] Stopped: Passwords
2026-03-27 09:14:42.782: [INFO][Sync] Stopped: Autofill Profiles
2026-03-27 09:14:42.782: [INFO][Sync] Stopped: Autofill
2026-03-27 09:14:42.782: [INFO][Sync] Stopped: Extensions
2026-03-27 09:14:42.782: [INFO][Sync] Stopped: Sessions
2026-03-27 09:14:42.782: [INFO][Sync] Stopped: Extension settings
2026-03-27 09:14:42.782: [INFO][Sync] Stopped: History Delete Directives
2026-03-27 09:14:42.782: [INFO][Sync] Stopped: Device Info
2026-03-27 09:14:42.782: [INFO][Sync] Stopped: User Consents
2026-03-27 09:14:42.782: [INFO][Sync] Stopped: Send Tab To Self
2026-03-27 09:14:42.782: [INFO][Sync] Stopped: Web Apps
2026-03-27 09:14:42.782: [INFO][Sync] Stopped: History
2026-03-27 09:14:42.782: [INFO][Sync] Stopped: Saved Tab Group
2026-03-27 09:14:42.782: [INFO][Sync] Stopped: WebAuthn Credentials
2026-03-27 09:14:42.782: [INFO][Sync] Stopped: Collection
2026-03-27 09:14:42.782: [INFO][Sync] Stopped: Edge E Drop
2026-03-27 09:14:42.782: [INFO][Sync] Stopped: Edge Hub App Usage
2026-03-27 09:14:42.782: [INFO][Sync] Stopped: Edge Wallet
2026-03-27 09:14:42.782: [INFO][Sync] Stopped: Edge Workspace
2026-03-27 09:14:43.600: [INFO][Sync] Try to start sync engine
2026-03-27 09:14:43.603: [INFO][SyncManagerImpl::NudgeForInitialDownload] Initial download nudge for Encryption Keys
2026-03-27 09:14:43.603: [INFO][SyncEngineBackend::LoadAndConnectNigoriController] Load and connect Nigori controller
2026-03-27 09:14:43.603: [INFO][SyncEngineBackend::DoInitialize] Control Types added: Encryption Keys
2026-03-27 09:14:43.603: [INFO][SyncManagerImpl::ConfigureSyncer] Types to download: Encryption Keys with reason: 3
2026-03-27 09:14:43.603: [INFO][SyncSchedulerImpl::DoConfigurationSyncCycleJob] Configure job was blocked
2026-03-27 09:15:01.640: [INFO][Sync] SyncState after authenticated was: FeatureCanStart
2026-03-27 09:15:01.926: [INFO][Sync] Try to start sync engine
2026-03-27 09:15:01.927: [INFO][SyncManagerImpl::NudgeForInitialDownload] Initial download nudge for Encryption Keys
2026-03-27 09:15:01.927: [INFO][SyncEngineBackend::LoadAndConnectNigoriController] Load and connect Nigori controller
2026-03-27 09:15:01.927: [INFO][SyncEngineBackend::DoInitialize] Control Types added: Encryption Keys
2026-03-27 09:15:01.927: [INFO][SyncManagerImpl::ConfigureSyncer] Types to download: Encryption Keys with reason: 3
2026-03-27 09:15:01.927: [INFO][SyncSchedulerImpl::DoConfigurationSyncCycleJob] Configure job was blocked
2026-03-27 09:15:02.229: [INFO][SyncAuthManager::SetLastAuthError] Current auth error: None
2026-03-27 09:15:02.230: [INFO][SyncAuthManager::EdgeLogTokenErrorState] Token error with: None for account type: AAD
2026-03-27 09:15:02.230: [INFO][Sync] Credentials changed for: EdgeSyncKeyDataScope
2026-03-27 09:15:02.233: [INFO][SyncAuthManager::SetLastAuthError] Current auth error: None
2026-03-27 09:15:02.233: [INFO][SyncAuthManager::EdgeLogTokenErrorState] Token error with: None for account type: AAD
2026-03-27 09:15:02.233: [INFO][Sync] Credentials changed for: EdgeSyncScopeNew
2026-03-27 09:15:02.234: [INFO][SyncEngineBackend::DoUpdateKeyDataCredentials] Update key data credentials
2026-03-27 09:15:02.234: [INFO][SyncEngineBackend::DoUpdateCredentials] Update credentials
2026-03-27 09:15:02.234: [INFO][SyncEngineBackend::DoUpdateKeyDataCredentials] Update key data credentials
2026-03-27 09:15:02.234: [INFO][SyncSchedulerImpl::DoConfigurationSyncCycleJob] Blocked types:  and types to download: Encryption Keys
2026-03-27 09:15:06.108: [INFO][Sync] Reset engine, reason: 0
2026-03-27 09:15:06.108: [INFO][Sync] Reset engine with reason: 0
2026-03-27 09:17:10.957: [INFO][Sync] SyncState after authenticated was: FeatureCanStart
2026-03-27 09:17:11.134: [INFO][Sync] Try to start sync engine
2026-03-27 09:25:30.832: [INFO][Sync] SyncState after authenticated was: FeatureCanStart
